<?xml version="1.0" encoding="UTF-8"?>
<!-- Generated by org.testng.reporters.JUnitReportReporter -->
<testsuite skipped="0" hostname="DESKTOP-S2JVOCE" name="tests.HomepageTest" tests="4" failures="0" timestamp="24 Nov 2019 18:01:43 GMT" time="32.170" errors="0">
  <testcase name="CheckBoxTest" time="11.860" classname="tests.HomepageTest"/>
  <testcase name="PinkTest" time="0.002" classname="tests.HomepageTest"/>
  <testcase name="WindowHandleTest" time="20.303" classname="tests.HomepageTest"/>
  <testcase name="GoldTest" time="0.005" classname="tests.HomepageTest"/>
</testsuite> <!-- tests.HomepageTest -->
